<?xml version="1.0" encoding="UTF-8"?>
<!-- Generated by org.testng.reporters.JUnitReportReporter -->
<testsuite hostname="DESKTOP-KUMC8Q1" failures="0" tests="3" name="com.hybrid.LoginpageTest" time="5.559" errors="0" timestamp="2024-03-30T12:56:48 IST" skipped="0">
  <testcase classname="com.hybrid.LoginpageTest" name="loginlink" time="0.919"/>
  <system-out/>
  <testcase classname="com.hybrid.LoginpageTest" name="screenShot" time="4.627"/>
  <system-out/>
  <testcase classname="com.hybrid.LoginpageTest" name="windowHandles" time="0.013"/>
  <system-out/>
</testsuite> <!-- com.hybrid.LoginpageTest -->
