<?xml version="1.0" encoding="UTF-8"?>
<!-- Generated by org.testng.reporters.JUnitReportReporter -->
<testsuite hostname="DESKTOP-KUMC8Q1" failures="0" tests="1" name="com.hybrid.FbTest" time="1.143" errors="0" timestamp="2024-03-21T19:29:40 IST" skipped="0">
  <testcase classname="com.hybrid.FbTest" name="signUpDetails" time="1.143"/>
  <system-out/>
</testsuite> <!-- com.hybrid.FbTest -->
