<?xml version="1.0" encoding="UTF-8"?>
<!-- Generated by org.testng.reporters.JUnitReportReporter -->
<testsuite hostname="DESKTOP-KUMC8Q1" failures="0" tests="1" name="com.hybrid.InstaTest" time="0.899" errors="0" timestamp="2024-03-22T06:23:03 IST" skipped="0">
  <testcase classname="com.hybrid.InstaTest" name="instaSignUp" time="0.899"/>
  <system-out/>
</testsuite> <!-- com.hybrid.InstaTest -->
