<?xml version="1.0" encoding="UTF-8"?>
<!-- Generated by org.testng.reporters.JUnitReportReporter -->
<testsuite hostname="DESKTOP-KUMC8Q1" failures="0" tests="1" name="com.hybrid.AdminJobTitlesTest" time="14.686" errors="0" timestamp="2024-03-30T13:31:06 IST" skipped="0">
  <testcase classname="com.hybrid.AdminJobTitlesTest" name="loginpage" time="14.686"/>
  <system-out/>
</testsuite> <!-- com.hybrid.AdminJobTitlesTest -->
