<?xml version="1.0" encoding="UTF-8"?>
<!-- Generated by org.testng.reporters.JUnitReportReporter -->
<testsuite hostname="DESKTOP-KUMC8Q1" failures="0" tests="1" name="com.hybrid.LoginpageTest" time="2.685" errors="0" timestamp="2024-03-21T08:50:42 IST" skipped="0">
  <testcase classname="com.hybrid.LoginpageTest" name="adminLogin" time="2.685"/>
  <system-out/>
</testsuite> <!-- com.hybrid.LoginpageTest -->
