<?xml version="1.0" encoding="UTF-8"?>
<!-- Generated by org.testng.reporters.JUnitReportReporter -->
<testsuite hostname="DESKTOP-KUMC8Q1" failures="0" tests="1" name="com.hybrid.AdminTest" time="11.359" errors="0" timestamp="2024-03-28T06:00:22 IST" skipped="0">
  <testcase classname="com.hybrid.AdminTest" name="loginpage" time="11.359"/>
  <system-out/>
</testsuite> <!-- com.hybrid.AdminTest -->
